[debug] [2019-12-14T08:16:33.325Z] ----------------------------------------------------------------------
[debug] [2019-12-14T08:16:33.327Z] Command:       C:\Program Files\nodejs\node.exe C:\Users\bryam\AppData\Roaming\npm\node_modules\firebase-tools\lib\bin\firebase.js init
[debug] [2019-12-14T08:16:33.327Z] CLI Version:   7.10.0
[debug] [2019-12-14T08:16:33.327Z] Platform:      win32
[debug] [2019-12-14T08:16:33.328Z] Node Version:  v12.13.0
[debug] [2019-12-14T08:16:33.329Z] Time:          Sat Dec 14 2019 02:16:33 GMT-0600 (GMT-06:00)
[debug] [2019-12-14T08:16:33.329Z] ----------------------------------------------------------------------
[debug] [2019-12-14T08:16:33.329Z] 
[debug] [2019-12-14T08:16:33.336Z] > command requires scopes: ["email","openid","https://www.googleapis.com/auth/cloudplatformprojects.readonly","https://www.googleapis.com/auth/firebase","https://www.googleapis.com/auth/cloud-platform"]
[debug] [2019-12-14T08:16:33.337Z] > authorizing via signed-in user
[info] 
     ######## #### ########  ######## ########     ###     ######  ########
     ##        ##  ##     ## ##       ##     ##  ##   ##  ##       ##
     ######    ##  ########  ######   ########  #########  ######  ######
     ##        ##  ##    ##  ##       ##     ## ##     ##       ## ##
     ##       #### ##     ## ######## ########  ##     ##  ######  ########

You're about to initialize a Firebase project in this directory:

  C:\Users\bryam\Desktop\Universidad\Vanguardia\Project_Vang\battlechat

[info] 
=== Project Setup
[info] 
[info] First, let's associate this project directory with a Firebase project.
[info] You can create multiple project aliases by running firebase use --add, 
[info] but for now we'll just set up a default project.
[info] 
[debug] [2019-12-14T08:17:02.032Z] > refreshing access token with scopes: ["email","https://www.googleapis.com/auth/cloud-platform","https://www.googleapis.com/auth/cloudplatformprojects.readonly","https://www.googleapis.com/auth/firebase","openid"]
[debug] [2019-12-14T08:17:02.032Z] >>> HTTP REQUEST POST https://www.googleapis.com/oauth2/v3/token  
 <request body omitted>
[debug] [2019-12-14T08:17:02.324Z] <<< HTTP RESPONSE 200
[debug] [2019-12-14T08:17:02.334Z] >>> HTTP REQUEST GET https://firebase.googleapis.com/v1beta1/projects?pageSize=100  
 
[debug] [2019-12-14T08:17:02.965Z] <<< HTTP RESPONSE 200
[info] i  Using project battlechat-33023 (BattleChat)
[info] 
=== Database Setup
[info] 
[info] Firebase Realtime Database Rules allow you to define how your data should be
[info] structured and when your data can be read from and written to.
[info] 
[debug] [2019-12-14T08:17:18.978Z] >>> HTTP REQUEST GET https://battlechat-33023.firebaseio.com/.settings/rules.json  
 
[debug] [2019-12-14T08:17:19.681Z] <<< HTTP RESPONSE 200
[debug] [2019-12-14T08:17:19.887Z] Error: EISDIR: illegal operation on a directory, open 'C:\Users\bryam\Desktop\Universidad\Vanguardia\Project_Vang\battlechat'
    at Object.openSync (fs.js:440:3)
    at Object.writeFileSync (fs.js:1265:35)
    at Config.writeProjectFile (C:\Users\bryam\AppData\Roaming\npm\node_modules\firebase-tools\lib\config.js:179:8)
    at C:\Users\bryam\AppData\Roaming\npm\node_modules\firebase-tools\lib\init\features\database.js:25:23
    at processTicksAndRejections (internal/process/task_queues.js:93:5)
[error] 
[error] Error: An unexpected error has occurred.
